The system is: Linux - 5.3.0-rc3+ - x86_64
Compiling the CXX compiler identification source file "CMakeCXXCompilerId.cpp" succeeded.
Compiler: /usr/bin/c++ 
Build flags: 
Id flags:  

The output was:
0


Compilation of the CXX compiler identification source "CMakeCXXCompilerId.cpp" produced "a.out"

The CXX compiler identification is GNU, found in "/root/Downloads/windman/build/CMakeFiles/3.9.1/CompilerIdCXX/a.out"

Determining if the CXX compiler works passed with the following output:
Change Dir: /root/Downloads/windman/build/CMakeFiles/CMakeTmp

Run Build Command:"/usr/bin/make" "cmTC_846a1/fast"
/usr/bin/make -f CMakeFiles/cmTC_846a1.dir/build.make CMakeFiles/cmTC_846a1.dir/build
make[1]: вход в каталог «/media/sda3/root/Downloads/windman/build/CMakeFiles/CMakeTmp»
Building CXX object CMakeFiles/cmTC_846a1.dir/testCXXCompiler.cxx.o
/usr/bin/c++     -o CMakeFiles/cmTC_846a1.dir/testCXXCompiler.cxx.o -c /root/Downloads/windman/build/CMakeFiles/CMakeTmp/testCXXCompiler.cxx
Linking CXX executable cmTC_846a1
/usr/bin/cmake -E cmake_link_script CMakeFiles/cmTC_846a1.dir/link.txt --verbose=1
/usr/bin/c++       -rdynamic CMakeFiles/cmTC_846a1.dir/testCXXCompiler.cxx.o  -o cmTC_846a1 
make[1]: выход из каталога «/media/sda3/root/Downloads/windman/build/CMakeFiles/CMakeTmp»


Detecting CXX compiler ABI info compiled with the following output:
Change Dir: /root/Downloads/windman/build/CMakeFiles/CMakeTmp

Run Build Command:"/usr/bin/make" "cmTC_9946b/fast"
/usr/bin/make -f CMakeFiles/cmTC_9946b.dir/build.make CMakeFiles/cmTC_9946b.dir/build
make[1]: вход в каталог «/media/sda3/root/Downloads/windman/build/CMakeFiles/CMakeTmp»
Building CXX object CMakeFiles/cmTC_9946b.dir/CMakeCXXCompilerABI.cpp.o
/usr/bin/c++     -o CMakeFiles/cmTC_9946b.dir/CMakeCXXCompilerABI.cpp.o -c /usr/share/cmake-3.9/Modules/CMakeCXXCompilerABI.cpp
Linking CXX executable cmTC_9946b
/usr/bin/cmake -E cmake_link_script CMakeFiles/cmTC_9946b.dir/link.txt --verbose=1
/usr/bin/c++      -v -rdynamic CMakeFiles/cmTC_9946b.dir/CMakeCXXCompilerABI.cpp.o  -o cmTC_9946b 
Используются внутренние спецификации.
COLLECT_GCC=/usr/bin/c++
COLLECT_LTO_WRAPPER=/usr/libexec/gcc/x86_64-pc-linux-gnu/9.0.1/lto-wrapper
Целевая архитектура: x86_64-pc-linux-gnu
Параметры конфигурации: ../configure --prefix=/usr --enable-languages=c,c++ --disable-multilib --disable-bootstrap --disable-libmpx --with-system-zlib : (reconfigured) ../configure --prefix=/usr --enable-languages=c,c++ --disable-multilib --disable-bootstrap --disable-libmpx --with-system-zlib : (reconfigured) ../configure --prefix=/usr --disable-multilib --disable-bootstrap --disable-libmpx --with-system-zlib --enable-languages=c,c++,lto --no-create --no-recursion
Модель многопоточности: posix
gcc версия 9.0.1 20190416 (experimental) (GCC) 
COMPILER_PATH=/usr/libexec/gcc/x86_64-pc-linux-gnu/9.0.1/:/usr/libexec/gcc/x86_64-pc-linux-gnu/9.0.1/:/usr/libexec/gcc/x86_64-pc-linux-gnu/:/usr/lib/gcc/x86_64-pc-linux-gnu/9.0.1/:/usr/lib/gcc/x86_64-pc-linux-gnu/
LIBRARY_PATH=/usr/lib/gcc/x86_64-pc-linux-gnu/9.0.1/:/usr/lib/gcc/x86_64-pc-linux-gnu/9.0.1/../../../../lib/:/lib/../lib/:/usr/lib/../lib/:/usr/lib/gcc/x86_64-pc-linux-gnu/9.0.1/../../../:/lib/:/usr/lib/
COLLECT_GCC_OPTIONS='-v' '-rdynamic' '-o' 'cmTC_9946b' '-shared-libgcc' '-mtune=generic' '-march=x86-64'
 /usr/libexec/gcc/x86_64-pc-linux-gnu/9.0.1/collect2 -plugin /usr/libexec/gcc/x86_64-pc-linux-gnu/9.0.1/liblto_plugin.so -plugin-opt=/usr/libexec/gcc/x86_64-pc-linux-gnu/9.0.1/lto-wrapper -plugin-opt=-fresolution=/tmp/cc7580Vt.res -plugin-opt=-pass-through=-lgcc_s -plugin-opt=-pass-through=-lgcc -plugin-opt=-pass-through=-lc -plugin-opt=-pass-through=-lgcc_s -plugin-opt=-pass-through=-lgcc --eh-frame-hdr -m elf_x86_64 -export-dynamic -dynamic-linker /lib64/ld-linux-x86-64.so.2 -o cmTC_9946b /usr/lib/gcc/x86_64-pc-linux-gnu/9.0.1/../../../../lib/crt1.o /usr/lib/gcc/x86_64-pc-linux-gnu/9.0.1/../../../../lib/crti.o /usr/lib/gcc/x86_64-pc-linux-gnu/9.0.1/crtbegin.o -L/usr/lib/gcc/x86_64-pc-linux-gnu/9.0.1 -L/usr/lib/gcc/x86_64-pc-linux-gnu/9.0.1/../../../../lib -L/lib/../lib -L/usr/lib/../lib -L/usr/lib/gcc/x86_64-pc-linux-gnu/9.0.1/../../.. CMakeFiles/cmTC_9946b.dir/CMakeCXXCompilerABI.cpp.o -lstdc++ -lm -lgcc_s -lgcc -lc -lgcc_s -lgcc /usr/lib/gcc/x86_64-pc-linux-gnu/9.0.1/crtend.o /usr/lib/gcc/x86_64-pc-linux-gnu/9.0.1/../../../../lib/crtn.o
COLLECT_GCC_OPTIONS='-v' '-rdynamic' '-o' 'cmTC_9946b' '-shared-libgcc' '-mtune=generic' '-march=x86-64'
make[1]: выход из каталога «/media/sda3/root/Downloads/windman/build/CMakeFiles/CMakeTmp»


Parsed CXX implicit link information from above output:
  link line regex: [^( *|.*[/\])(ld|CMAKE_LINK_STARTFILE-NOTFOUND|([^/\]+-)?ld|collect2)[^/\]*( |$)]
  ignore line: [Change Dir: /root/Downloads/windman/build/CMakeFiles/CMakeTmp]
  ignore line: []
  ignore line: [Run Build Command:"/usr/bin/make" "cmTC_9946b/fast"]
  ignore line: [/usr/bin/make -f CMakeFiles/cmTC_9946b.dir/build.make CMakeFiles/cmTC_9946b.dir/build]
  ignore line: [make[1]: вход в каталог «/media/sda3/root/Downloads/windman/build/CMakeFiles/CMakeTmp»]
  ignore line: [Building CXX object CMakeFiles/cmTC_9946b.dir/CMakeCXXCompilerABI.cpp.o]
  ignore line: [/usr/bin/c++     -o CMakeFiles/cmTC_9946b.dir/CMakeCXXCompilerABI.cpp.o -c /usr/share/cmake-3.9/Modules/CMakeCXXCompilerABI.cpp]
  ignore line: [Linking CXX executable cmTC_9946b]
  ignore line: [/usr/bin/cmake -E cmake_link_script CMakeFiles/cmTC_9946b.dir/link.txt --verbose=1]
  ignore line: [/usr/bin/c++      -v -rdynamic CMakeFiles/cmTC_9946b.dir/CMakeCXXCompilerABI.cpp.o  -o cmTC_9946b ]
  ignore line: [Используются внутренние спецификации.]
  ignore line: [COLLECT_GCC=/usr/bin/c++]
  ignore line: [COLLECT_LTO_WRAPPER=/usr/libexec/gcc/x86_64-pc-linux-gnu/9.0.1/lto-wrapper]
  ignore line: [Целевая архитектура: x86_64-pc-linux-gnu]
  ignore line: [Параметры конфигурации: ../configure --prefix=/usr --enable-languages=c,c++ --disable-multilib --disable-bootstrap --disable-libmpx --with-system-zlib : (reconfigured) ../configure --prefix=/usr --enable-languages=c,c++ --disable-multilib --disable-bootstrap --disable-libmpx --with-system-zlib : (reconfigured) ../configure --prefix=/usr --disable-multilib --disable-bootstrap --disable-libmpx --with-system-zlib --enable-languages=c,c++,lto --no-create --no-recursion]
  ignore line: [Модель многопоточности: posix]
  ignore line: [gcc версия 9.0.1 20190416 (experimental) (GCC) ]
  ignore line: [COMPILER_PATH=/usr/libexec/gcc/x86_64-pc-linux-gnu/9.0.1/:/usr/libexec/gcc/x86_64-pc-linux-gnu/9.0.1/:/usr/libexec/gcc/x86_64-pc-linux-gnu/:/usr/lib/gcc/x86_64-pc-linux-gnu/9.0.1/:/usr/lib/gcc/x86_64-pc-linux-gnu/]
  ignore line: [LIBRARY_PATH=/usr/lib/gcc/x86_64-pc-linux-gnu/9.0.1/:/usr/lib/gcc/x86_64-pc-linux-gnu/9.0.1/../../../../lib/:/lib/../lib/:/usr/lib/../lib/:/usr/lib/gcc/x86_64-pc-linux-gnu/9.0.1/../../../:/lib/:/usr/lib/]
  ignore line: [COLLECT_GCC_OPTIONS='-v' '-rdynamic' '-o' 'cmTC_9946b' '-shared-libgcc' '-mtune=generic' '-march=x86-64']
  link line: [ /usr/libexec/gcc/x86_64-pc-linux-gnu/9.0.1/collect2 -plugin /usr/libexec/gcc/x86_64-pc-linux-gnu/9.0.1/liblto_plugin.so -plugin-opt=/usr/libexec/gcc/x86_64-pc-linux-gnu/9.0.1/lto-wrapper -plugin-opt=-fresolution=/tmp/cc7580Vt.res -plugin-opt=-pass-through=-lgcc_s -plugin-opt=-pass-through=-lgcc -plugin-opt=-pass-through=-lc -plugin-opt=-pass-through=-lgcc_s -plugin-opt=-pass-through=-lgcc --eh-frame-hdr -m elf_x86_64 -export-dynamic -dynamic-linker /lib64/ld-linux-x86-64.so.2 -o cmTC_9946b /usr/lib/gcc/x86_64-pc-linux-gnu/9.0.1/../../../../lib/crt1.o /usr/lib/gcc/x86_64-pc-linux-gnu/9.0.1/../../../../lib/crti.o /usr/lib/gcc/x86_64-pc-linux-gnu/9.0.1/crtbegin.o -L/usr/lib/gcc/x86_64-pc-linux-gnu/9.0.1 -L/usr/lib/gcc/x86_64-pc-linux-gnu/9.0.1/../../../../lib -L/lib/../lib -L/usr/lib/../lib -L/usr/lib/gcc/x86_64-pc-linux-gnu/9.0.1/../../.. CMakeFiles/cmTC_9946b.dir/CMakeCXXCompilerABI.cpp.o -lstdc++ -lm -lgcc_s -lgcc -lc -lgcc_s -lgcc /usr/lib/gcc/x86_64-pc-linux-gnu/9.0.1/crtend.o /usr/lib/gcc/x86_64-pc-linux-gnu/9.0.1/../../../../lib/crtn.o]
    arg [/usr/libexec/gcc/x86_64-pc-linux-gnu/9.0.1/collect2] ==> ignore
    arg [-plugin] ==> ignore
    arg [/usr/libexec/gcc/x86_64-pc-linux-gnu/9.0.1/liblto_plugin.so] ==> ignore
    arg [-plugin-opt=/usr/libexec/gcc/x86_64-pc-linux-gnu/9.0.1/lto-wrapper] ==> ignore
    arg [-plugin-opt=-fresolution=/tmp/cc7580Vt.res] ==> ignore
    arg [-plugin-opt=-pass-through=-lgcc_s] ==> ignore
    arg [-plugin-opt=-pass-through=-lgcc] ==> ignore
    arg [-plugin-opt=-pass-through=-lc] ==> ignore
    arg [-plugin-opt=-pass-through=-lgcc_s] ==> ignore
    arg [-plugin-opt=-pass-through=-lgcc] ==> ignore
    arg [--eh-frame-hdr] ==> ignore
    arg [-m] ==> ignore
    arg [elf_x86_64] ==> ignore
    arg [-export-dynamic] ==> ignore
    arg [-dynamic-linker] ==> ignore
    arg [/lib64/ld-linux-x86-64.so.2] ==> ignore
    arg [-o] ==> ignore
    arg [cmTC_9946b] ==> ignore
    arg [/usr/lib/gcc/x86_64-pc-linux-gnu/9.0.1/../../../../lib/crt1.o] ==> ignore
    arg [/usr/lib/gcc/x86_64-pc-linux-gnu/9.0.1/../../../../lib/crti.o] ==> ignore
    arg [/usr/lib/gcc/x86_64-pc-linux-gnu/9.0.1/crtbegin.o] ==> ignore
    arg [-L/usr/lib/gcc/x86_64-pc-linux-gnu/9.0.1] ==> dir [/usr/lib/gcc/x86_64-pc-linux-gnu/9.0.1]
    arg [-L/usr/lib/gcc/x86_64-pc-linux-gnu/9.0.1/../../../../lib] ==> dir [/usr/lib/gcc/x86_64-pc-linux-gnu/9.0.1/../../../../lib]
    arg [-L/lib/../lib] ==> dir [/lib/../lib]
    arg [-L/usr/lib/../lib] ==> dir [/usr/lib/../lib]
    arg [-L/usr/lib/gcc/x86_64-pc-linux-gnu/9.0.1/../../..] ==> dir [/usr/lib/gcc/x86_64-pc-linux-gnu/9.0.1/../../..]
    arg [CMakeFiles/cmTC_9946b.dir/CMakeCXXCompilerABI.cpp.o] ==> ignore
    arg [-lstdc++] ==> lib [stdc++]
    arg [-lm] ==> lib [m]
    arg [-lgcc_s] ==> lib [gcc_s]
    arg [-lgcc] ==> lib [gcc]
    arg [-lc] ==> lib [c]
    arg [-lgcc_s] ==> lib [gcc_s]
    arg [-lgcc] ==> lib [gcc]
    arg [/usr/lib/gcc/x86_64-pc-linux-gnu/9.0.1/crtend.o] ==> ignore
    arg [/usr/lib/gcc/x86_64-pc-linux-gnu/9.0.1/../../../../lib/crtn.o] ==> ignore
  collapse library dir [/usr/lib/gcc/x86_64-pc-linux-gnu/9.0.1] ==> [/usr/lib/gcc/x86_64-pc-linux-gnu/9.0.1]
  collapse library dir [/usr/lib/gcc/x86_64-pc-linux-gnu/9.0.1/../../../../lib] ==> [/usr/lib]
  collapse library dir [/lib/../lib] ==> [/lib]
  collapse library dir [/usr/lib/../lib] ==> [/usr/lib]
  collapse library dir [/usr/lib/gcc/x86_64-pc-linux-gnu/9.0.1/../../..] ==> [/usr/lib]
  implicit libs: [stdc++;m;gcc_s;gcc;c;gcc_s;gcc]
  implicit dirs: [/usr/lib/gcc/x86_64-pc-linux-gnu/9.0.1;/usr/lib;/lib]
  implicit fwks: []




Detecting CXX [-std=c++1z] compiler features compiled with the following output:
Change Dir: /root/Downloads/windman/build/CMakeFiles/CMakeTmp

Run Build Command:"/usr/bin/make" "cmTC_1ed2f/fast"
/usr/bin/make -f CMakeFiles/cmTC_1ed2f.dir/build.make CMakeFiles/cmTC_1ed2f.dir/build
make[1]: вход в каталог «/media/sda3/root/Downloads/windman/build/CMakeFiles/CMakeTmp»
Building CXX object CMakeFiles/cmTC_1ed2f.dir/feature_tests.cxx.o
/usr/bin/c++    -std=c++1z -o CMakeFiles/cmTC_1ed2f.dir/feature_tests.cxx.o -c /root/Downloads/windman/build/CMakeFiles/feature_tests.cxx
Linking CXX executable cmTC_1ed2f
/usr/bin/cmake -E cmake_link_script CMakeFiles/cmTC_1ed2f.dir/link.txt --verbose=1
/usr/bin/c++       -rdynamic CMakeFiles/cmTC_1ed2f.dir/feature_tests.cxx.o  -o cmTC_1ed2f 
make[1]: выход из каталога «/media/sda3/root/Downloads/windman/build/CMakeFiles/CMakeTmp»


    Feature record: CXX_FEATURE:1cxx_aggregate_default_initializers
    Feature record: CXX_FEATURE:1cxx_alias_templates
    Feature record: CXX_FEATURE:1cxx_alignas
    Feature record: CXX_FEATURE:1cxx_alignof
    Feature record: CXX_FEATURE:1cxx_attributes
    Feature record: CXX_FEATURE:1cxx_attribute_deprecated
    Feature record: CXX_FEATURE:1cxx_auto_type
    Feature record: CXX_FEATURE:1cxx_binary_literals
    Feature record: CXX_FEATURE:1cxx_constexpr
    Feature record: CXX_FEATURE:1cxx_contextual_conversions
    Feature record: CXX_FEATURE:1cxx_decltype
    Feature record: CXX_FEATURE:1cxx_decltype_auto
    Feature record: CXX_FEATURE:1cxx_decltype_incomplete_return_types
    Feature record: CXX_FEATURE:1cxx_default_function_template_args
    Feature record: CXX_FEATURE:1cxx_defaulted_functions
    Feature record: CXX_FEATURE:1cxx_defaulted_move_initializers
    Feature record: CXX_FEATURE:1cxx_delegating_constructors
    Feature record: CXX_FEATURE:1cxx_deleted_functions
    Feature record: CXX_FEATURE:1cxx_digit_separators
    Feature record: CXX_FEATURE:1cxx_enum_forward_declarations
    Feature record: CXX_FEATURE:1cxx_explicit_conversions
    Feature record: CXX_FEATURE:1cxx_extended_friend_declarations
    Feature record: CXX_FEATURE:1cxx_extern_templates
    Feature record: CXX_FEATURE:1cxx_final
    Feature record: CXX_FEATURE:1cxx_func_identifier
    Feature record: CXX_FEATURE:1cxx_generalized_initializers
    Feature record: CXX_FEATURE:1cxx_generic_lambdas
    Feature record: CXX_FEATURE:1cxx_inheriting_constructors
    Feature record: CXX_FEATURE:1cxx_inline_namespaces
    Feature record: CXX_FEATURE:1cxx_lambdas
    Feature record: CXX_FEATURE:1cxx_lambda_init_captures
    Feature record: CXX_FEATURE:1cxx_local_type_template_args
    Feature record: CXX_FEATURE:1cxx_long_long_type
    Feature record: CXX_FEATURE:1cxx_noexcept
    Feature record: CXX_FEATURE:1cxx_nonstatic_member_init
    Feature record: CXX_FEATURE:1cxx_nullptr
    Feature record: CXX_FEATURE:1cxx_override
    Feature record: CXX_FEATURE:1cxx_range_for
    Feature record: CXX_FEATURE:1cxx_raw_string_literals
    Feature record: CXX_FEATURE:1cxx_reference_qualified_functions
    Feature record: CXX_FEATURE:1cxx_relaxed_constexpr
    Feature record: CXX_FEATURE:1cxx_return_type_deduction
    Feature record: CXX_FEATURE:1cxx_right_angle_brackets
    Feature record: CXX_FEATURE:1cxx_rvalue_references
    Feature record: CXX_FEATURE:1cxx_sizeof_member
    Feature record: CXX_FEATURE:1cxx_static_assert
    Feature record: CXX_FEATURE:1cxx_strong_enums
    Feature record: CXX_FEATURE:1cxx_template_template_parameters
    Feature record: CXX_FEATURE:1cxx_thread_local
    Feature record: CXX_FEATURE:1cxx_trailing_return_types
    Feature record: CXX_FEATURE:1cxx_unicode_literals
    Feature record: CXX_FEATURE:1cxx_uniform_initialization
    Feature record: CXX_FEATURE:1cxx_unrestricted_unions
    Feature record: CXX_FEATURE:1cxx_user_literals
    Feature record: CXX_FEATURE:1cxx_variable_templates
    Feature record: CXX_FEATURE:1cxx_variadic_macros
    Feature record: CXX_FEATURE:1cxx_variadic_templates


Detecting CXX [-std=c++14] compiler features compiled with the following output:
Change Dir: /root/Downloads/windman/build/CMakeFiles/CMakeTmp

Run Build Command:"/usr/bin/make" "cmTC_e4a01/fast"
/usr/bin/make -f CMakeFiles/cmTC_e4a01.dir/build.make CMakeFiles/cmTC_e4a01.dir/build
make[1]: вход в каталог «/media/sda3/root/Downloads/windman/build/CMakeFiles/CMakeTmp»
Building CXX object CMakeFiles/cmTC_e4a01.dir/feature_tests.cxx.o
/usr/bin/c++    -std=c++14 -o CMakeFiles/cmTC_e4a01.dir/feature_tests.cxx.o -c /root/Downloads/windman/build/CMakeFiles/feature_tests.cxx
Linking CXX executable cmTC_e4a01
/usr/bin/cmake -E cmake_link_script CMakeFiles/cmTC_e4a01.dir/link.txt --verbose=1
/usr/bin/c++       -rdynamic CMakeFiles/cmTC_e4a01.dir/feature_tests.cxx.o  -o cmTC_e4a01 
make[1]: выход из каталога «/media/sda3/root/Downloads/windman/build/CMakeFiles/CMakeTmp»


    Feature record: CXX_FEATURE:1cxx_aggregate_default_initializers
    Feature record: CXX_FEATURE:1cxx_alias_templates
    Feature record: CXX_FEATURE:1cxx_alignas
    Feature record: CXX_FEATURE:1cxx_alignof
    Feature record: CXX_FEATURE:1cxx_attributes
    Feature record: CXX_FEATURE:1cxx_attribute_deprecated
    Feature record: CXX_FEATURE:1cxx_auto_type
    Feature record: CXX_FEATURE:1cxx_binary_literals
    Feature record: CXX_FEATURE:1cxx_constexpr
    Feature record: CXX_FEATURE:1cxx_contextual_conversions
    Feature record: CXX_FEATURE:1cxx_decltype
    Feature record: CXX_FEATURE:1cxx_decltype_auto
    Feature record: CXX_FEATURE:1cxx_decltype_incomplete_return_types
    Feature record: CXX_FEATURE:1cxx_default_function_template_args
    Feature record: CXX_FEATURE:1cxx_defaulted_functions
    Feature record: CXX_FEATURE:1cxx_defaulted_move_initializers
    Feature record: CXX_FEATURE:1cxx_delegating_constructors
    Feature record: CXX_FEATURE:1cxx_deleted_functions
    Feature record: CXX_FEATURE:1cxx_digit_separators
    Feature record: CXX_FEATURE:1cxx_enum_forward_declarations
    Feature record: CXX_FEATURE:1cxx_explicit_conversions
    Feature record: CXX_FEATURE:1cxx_extended_friend_declarations
    Feature record: CXX_FEATURE:1cxx_extern_templates
    Feature record: CXX_FEATURE:1cxx_final
    Feature record: CXX_FEATURE:1cxx_func_identifier
    Feature record: CXX_FEATURE:1cxx_generalized_initializers
    Feature record: CXX_FEATURE:1cxx_generic_lambdas
    Feature record: CXX_FEATURE:1cxx_inheriting_constructors
    Feature record: CXX_FEATURE:1cxx_inline_namespaces
    Feature record: CXX_FEATURE:1cxx_lambdas
    Feature record: CXX_FEATURE:1cxx_lambda_init_captures
    Feature record: CXX_FEATURE:1cxx_local_type_template_args
    Feature record: CXX_FEATURE:1cxx_long_long_type
    Feature record: CXX_FEATURE:1cxx_noexcept
    Feature record: CXX_FEATURE:1cxx_nonstatic_member_init
    Feature record: CXX_FEATURE:1cxx_nullptr
    Feature record: CXX_FEATURE:1cxx_override
    Feature record: CXX_FEATURE:1cxx_range_for
    Feature record: CXX_FEATURE:1cxx_raw_string_literals
    Feature record: CXX_FEATURE:1cxx_reference_qualified_functions
    Feature record: CXX_FEATURE:1cxx_relaxed_constexpr
    Feature record: CXX_FEATURE:1cxx_return_type_deduction
    Feature record: CXX_FEATURE:1cxx_right_angle_brackets
    Feature record: CXX_FEATURE:1cxx_rvalue_references
    Feature record: CXX_FEATURE:1cxx_sizeof_member
    Feature record: CXX_FEATURE:1cxx_static_assert
    Feature record: CXX_FEATURE:1cxx_strong_enums
    Feature record: CXX_FEATURE:1cxx_template_template_parameters
    Feature record: CXX_FEATURE:1cxx_thread_local
    Feature record: CXX_FEATURE:1cxx_trailing_return_types
    Feature record: CXX_FEATURE:1cxx_unicode_literals
    Feature record: CXX_FEATURE:1cxx_uniform_initialization
    Feature record: CXX_FEATURE:1cxx_unrestricted_unions
    Feature record: CXX_FEATURE:1cxx_user_literals
    Feature record: CXX_FEATURE:1cxx_variable_templates
    Feature record: CXX_FEATURE:1cxx_variadic_macros
    Feature record: CXX_FEATURE:1cxx_variadic_templates


Detecting CXX [-std=c++11] compiler features compiled with the following output:
Change Dir: /root/Downloads/windman/build/CMakeFiles/CMakeTmp

Run Build Command:"/usr/bin/make" "cmTC_53118/fast"
/usr/bin/make -f CMakeFiles/cmTC_53118.dir/build.make CMakeFiles/cmTC_53118.dir/build
make[1]: вход в каталог «/media/sda3/root/Downloads/windman/build/CMakeFiles/CMakeTmp»
Building CXX object CMakeFiles/cmTC_53118.dir/feature_tests.cxx.o
/usr/bin/c++    -std=c++11 -o CMakeFiles/cmTC_53118.dir/feature_tests.cxx.o -c /root/Downloads/windman/build/CMakeFiles/feature_tests.cxx
Linking CXX executable cmTC_53118
/usr/bin/cmake -E cmake_link_script CMakeFiles/cmTC_53118.dir/link.txt --verbose=1
/usr/bin/c++       -rdynamic CMakeFiles/cmTC_53118.dir/feature_tests.cxx.o  -o cmTC_53118 
make[1]: выход из каталога «/media/sda3/root/Downloads/windman/build/CMakeFiles/CMakeTmp»


    Feature record: CXX_FEATURE:0cxx_aggregate_default_initializers
    Feature record: CXX_FEATURE:1cxx_alias_templates
    Feature record: CXX_FEATURE:1cxx_alignas
    Feature record: CXX_FEATURE:1cxx_alignof
    Feature record: CXX_FEATURE:1cxx_attributes
    Feature record: CXX_FEATURE:0cxx_attribute_deprecated
    Feature record: CXX_FEATURE:1cxx_auto_type
    Feature record: CXX_FEATURE:0cxx_binary_literals
    Feature record: CXX_FEATURE:1cxx_constexpr
    Feature record: CXX_FEATURE:0cxx_contextual_conversions
    Feature record: CXX_FEATURE:1cxx_decltype
    Feature record: CXX_FEATURE:0cxx_decltype_auto
    Feature record: CXX_FEATURE:1cxx_decltype_incomplete_return_types
    Feature record: CXX_FEATURE:1cxx_default_function_template_args
    Feature record: CXX_FEATURE:1cxx_defaulted_functions
    Feature record: CXX_FEATURE:1cxx_defaulted_move_initializers
    Feature record: CXX_FEATURE:1cxx_delegating_constructors
    Feature record: CXX_FEATURE:1cxx_deleted_functions
    Feature record: CXX_FEATURE:0cxx_digit_separators
    Feature record: CXX_FEATURE:1cxx_enum_forward_declarations
    Feature record: CXX_FEATURE:1cxx_explicit_conversions
    Feature record: CXX_FEATURE:1cxx_extended_friend_declarations
    Feature record: CXX_FEATURE:1cxx_extern_templates
    Feature record: CXX_FEATURE:1cxx_final
    Feature record: CXX_FEATURE:1cxx_func_identifier
    Feature record: CXX_FEATURE:1cxx_generalized_initializers
    Feature record: CXX_FEATURE:0cxx_generic_lambdas
    Feature record: CXX_FEATURE:1cxx_inheriting_constructors
    Feature record: CXX_FEATURE:1cxx_inline_namespaces
    Feature record: CXX_FEATURE:1cxx_lambdas
    Feature record: CXX_FEATURE:0cxx_lambda_init_captures
    Feature record: CXX_FEATURE:1cxx_local_type_template_args
    Feature record: CXX_FEATURE:1cxx_long_long_type
    Feature record: CXX_FEATURE:1cxx_noexcept
    Feature record: CXX_FEATURE:1cxx_nonstatic_member_init
    Feature record: CXX_FEATURE:1cxx_nullptr
    Feature record: CXX_FEATURE:1cxx_override
    Feature record: CXX_FEATURE:1cxx_range_for
    Feature record: CXX_FEATURE:1cxx_raw_string_literals
    Feature record: CXX_FEATURE:1cxx_reference_qualified_functions
    Feature record: CXX_FEATURE:0cxx_relaxed_constexpr
    Feature record: CXX_FEATURE:0cxx_return_type_deduction
    Feature record: CXX_FEATURE:1cxx_right_angle_brackets
    Feature record: CXX_FEATURE:1cxx_rvalue_references
    Feature record: CXX_FEATURE:1cxx_sizeof_member
    Feature record: CXX_FEATURE:1cxx_static_assert
    Feature record: CXX_FEATURE:1cxx_strong_enums
    Feature record: CXX_FEATURE:1cxx_template_template_parameters
    Feature record: CXX_FEATURE:1cxx_thread_local
    Feature record: CXX_FEATURE:1cxx_trailing_return_types
    Feature record: CXX_FEATURE:1cxx_unicode_literals
    Feature record: CXX_FEATURE:1cxx_uniform_initialization
    Feature record: CXX_FEATURE:1cxx_unrestricted_unions
    Feature record: CXX_FEATURE:1cxx_user_literals
    Feature record: CXX_FEATURE:0cxx_variable_templates
    Feature record: CXX_FEATURE:1cxx_variadic_macros
    Feature record: CXX_FEATURE:1cxx_variadic_templates


Detecting CXX [-std=c++98] compiler features compiled with the following output:
Change Dir: /root/Downloads/windman/build/CMakeFiles/CMakeTmp

Run Build Command:"/usr/bin/make" "cmTC_ca2be/fast"
/usr/bin/make -f CMakeFiles/cmTC_ca2be.dir/build.make CMakeFiles/cmTC_ca2be.dir/build
make[1]: вход в каталог «/media/sda3/root/Downloads/windman/build/CMakeFiles/CMakeTmp»
Building CXX object CMakeFiles/cmTC_ca2be.dir/feature_tests.cxx.o
/usr/bin/c++    -std=c++98 -o CMakeFiles/cmTC_ca2be.dir/feature_tests.cxx.o -c /root/Downloads/windman/build/CMakeFiles/feature_tests.cxx
Linking CXX executable cmTC_ca2be
/usr/bin/cmake -E cmake_link_script CMakeFiles/cmTC_ca2be.dir/link.txt --verbose=1
/usr/bin/c++       -rdynamic CMakeFiles/cmTC_ca2be.dir/feature_tests.cxx.o  -o cmTC_ca2be 
make[1]: выход из каталога «/media/sda3/root/Downloads/windman/build/CMakeFiles/CMakeTmp»


    Feature record: CXX_FEATURE:0cxx_aggregate_default_initializers
    Feature record: CXX_FEATURE:0cxx_alias_templates
    Feature record: CXX_FEATURE:0cxx_alignas
    Feature record: CXX_FEATURE:0cxx_alignof
    Feature record: CXX_FEATURE:0cxx_attributes
    Feature record: CXX_FEATURE:0cxx_attribute_deprecated
    Feature record: CXX_FEATURE:0cxx_auto_type
    Feature record: CXX_FEATURE:0cxx_binary_literals
    Feature record: CXX_FEATURE:0cxx_constexpr
    Feature record: CXX_FEATURE:0cxx_contextual_conversions
    Feature record: CXX_FEATURE:0cxx_decltype
    Feature record: CXX_FEATURE:0cxx_decltype_auto
    Feature record: CXX_FEATURE:0cxx_decltype_incomplete_return_types
    Feature record: CXX_FEATURE:0cxx_default_function_template_args
    Feature record: CXX_FEATURE:0cxx_defaulted_functions
    Feature record: CXX_FEATURE:0cxx_defaulted_move_initializers
    Feature record: CXX_FEATURE:0cxx_delegating_constructors
    Feature record: CXX_FEATURE:0cxx_deleted_functions
    Feature record: CXX_FEATURE:0cxx_digit_separators
    Feature record: CXX_FEATURE:0cxx_enum_forward_declarations
    Feature record: CXX_FEATURE:0cxx_explicit_conversions
    Feature record: CXX_FEATURE:0cxx_extended_friend_declarations
    Feature record: CXX_FEATURE:0cxx_extern_templates
    Feature record: CXX_FEATURE:0cxx_final
    Feature record: CXX_FEATURE:0cxx_func_identifier
    Feature record: CXX_FEATURE:0cxx_generalized_initializers
    Feature record: CXX_FEATURE:0cxx_generic_lambdas
    Feature record: CXX_FEATURE:0cxx_inheriting_constructors
    Feature record: CXX_FEATURE:0cxx_inline_namespaces
    Feature record: CXX_FEATURE:0cxx_lambdas
    Feature record: CXX_FEATURE:0cxx_lambda_init_captures
    Feature record: CXX_FEATURE:0cxx_local_type_template_args
    Feature record: CXX_FEATURE:0cxx_long_long_type
    Feature record: CXX_FEATURE:0cxx_noexcept
    Feature record: CXX_FEATURE:0cxx_nonstatic_member_init
    Feature record: CXX_FEATURE:0cxx_nullptr
    Feature record: CXX_FEATURE:0cxx_override
    Feature record: CXX_FEATURE:0cxx_range_for
    Feature record: CXX_FEATURE:0cxx_raw_string_literals
    Feature record: CXX_FEATURE:0cxx_reference_qualified_functions
    Feature record: CXX_FEATURE:0cxx_relaxed_constexpr
    Feature record: CXX_FEATURE:0cxx_return_type_deduction
    Feature record: CXX_FEATURE:0cxx_right_angle_brackets
    Feature record: CXX_FEATURE:0cxx_rvalue_references
    Feature record: CXX_FEATURE:0cxx_sizeof_member
    Feature record: CXX_FEATURE:0cxx_static_assert
    Feature record: CXX_FEATURE:0cxx_strong_enums
    Feature record: CXX_FEATURE:1cxx_template_template_parameters
    Feature record: CXX_FEATURE:0cxx_thread_local
    Feature record: CXX_FEATURE:0cxx_trailing_return_types
    Feature record: CXX_FEATURE:0cxx_unicode_literals
    Feature record: CXX_FEATURE:0cxx_uniform_initialization
    Feature record: CXX_FEATURE:0cxx_unrestricted_unions
    Feature record: CXX_FEATURE:0cxx_user_literals
    Feature record: CXX_FEATURE:0cxx_variable_templates
    Feature record: CXX_FEATURE:0cxx_variadic_macros
    Feature record: CXX_FEATURE:0cxx_variadic_templates
Determining if the function XOpenDisplay exists in the /usr/lib/libX11.so;/usr/lib/libXext.so passed with the following output:
Change Dir: /root/Downloads/windman/build/CMakeFiles/CMakeTmp

Run Build Command:"/usr/bin/make" "cmTC_fda12/fast"
/usr/bin/make -f CMakeFiles/cmTC_fda12.dir/build.make CMakeFiles/cmTC_fda12.dir/build
make[1]: вход в каталог «/media/sda3/root/Downloads/windman/build/CMakeFiles/CMakeTmp»
Building CXX object CMakeFiles/cmTC_fda12.dir/CheckFunctionExists.cxx.o
/usr/bin/c++    -DCHECK_FUNCTION_EXISTS=XOpenDisplay   -o CMakeFiles/cmTC_fda12.dir/CheckFunctionExists.cxx.o -c /root/Downloads/windman/build/CMakeFiles/CheckLibraryExists/CheckFunctionExists.cxx
Linking CXX executable cmTC_fda12
/usr/bin/cmake -E cmake_link_script CMakeFiles/cmTC_fda12.dir/link.txt --verbose=1
/usr/bin/c++   -DCHECK_FUNCTION_EXISTS=XOpenDisplay    -rdynamic CMakeFiles/cmTC_fda12.dir/CheckFunctionExists.cxx.o  -o cmTC_fda12 /usr/lib/libX11.so /usr/lib/libXext.so 
make[1]: выход из каталога «/media/sda3/root/Downloads/windman/build/CMakeFiles/CMakeTmp»


Determining if the function gethostbyname exists passed with the following output:
Change Dir: /root/Downloads/windman/build/CMakeFiles/CMakeTmp

Run Build Command:"/usr/bin/make" "cmTC_4fe8b/fast"
/usr/bin/make -f CMakeFiles/cmTC_4fe8b.dir/build.make CMakeFiles/cmTC_4fe8b.dir/build
make[1]: вход в каталог «/media/sda3/root/Downloads/windman/build/CMakeFiles/CMakeTmp»
Building CXX object CMakeFiles/cmTC_4fe8b.dir/CheckFunctionExists.cxx.o
/usr/bin/c++    -DCHECK_FUNCTION_EXISTS=gethostbyname   -o CMakeFiles/cmTC_4fe8b.dir/CheckFunctionExists.cxx.o -c /root/Downloads/windman/build/CMakeFiles/CheckFunctionExists/CheckFunctionExists.cxx
Linking CXX executable cmTC_4fe8b
/usr/bin/cmake -E cmake_link_script CMakeFiles/cmTC_4fe8b.dir/link.txt --verbose=1
/usr/bin/c++   -DCHECK_FUNCTION_EXISTS=gethostbyname    -rdynamic CMakeFiles/cmTC_4fe8b.dir/CheckFunctionExists.cxx.o  -o cmTC_4fe8b 
make[1]: выход из каталога «/media/sda3/root/Downloads/windman/build/CMakeFiles/CMakeTmp»


Determining if the function connect exists passed with the following output:
Change Dir: /root/Downloads/windman/build/CMakeFiles/CMakeTmp

Run Build Command:"/usr/bin/make" "cmTC_27af2/fast"
/usr/bin/make -f CMakeFiles/cmTC_27af2.dir/build.make CMakeFiles/cmTC_27af2.dir/build
make[1]: вход в каталог «/media/sda3/root/Downloads/windman/build/CMakeFiles/CMakeTmp»
Building CXX object CMakeFiles/cmTC_27af2.dir/CheckFunctionExists.cxx.o
/usr/bin/c++    -DCHECK_FUNCTION_EXISTS=connect   -o CMakeFiles/cmTC_27af2.dir/CheckFunctionExists.cxx.o -c /root/Downloads/windman/build/CMakeFiles/CheckFunctionExists/CheckFunctionExists.cxx
Linking CXX executable cmTC_27af2
/usr/bin/cmake -E cmake_link_script CMakeFiles/cmTC_27af2.dir/link.txt --verbose=1
/usr/bin/c++   -DCHECK_FUNCTION_EXISTS=connect    -rdynamic CMakeFiles/cmTC_27af2.dir/CheckFunctionExists.cxx.o  -o cmTC_27af2 
make[1]: выход из каталога «/media/sda3/root/Downloads/windman/build/CMakeFiles/CMakeTmp»


Determining if the function remove exists passed with the following output:
Change Dir: /root/Downloads/windman/build/CMakeFiles/CMakeTmp

Run Build Command:"/usr/bin/make" "cmTC_223f4/fast"
/usr/bin/make -f CMakeFiles/cmTC_223f4.dir/build.make CMakeFiles/cmTC_223f4.dir/build
make[1]: вход в каталог «/media/sda3/root/Downloads/windman/build/CMakeFiles/CMakeTmp»
Building CXX object CMakeFiles/cmTC_223f4.dir/CheckFunctionExists.cxx.o
/usr/bin/c++    -DCHECK_FUNCTION_EXISTS=remove   -o CMakeFiles/cmTC_223f4.dir/CheckFunctionExists.cxx.o -c /root/Downloads/windman/build/CMakeFiles/CheckFunctionExists/CheckFunctionExists.cxx
Linking CXX executable cmTC_223f4
/usr/bin/cmake -E cmake_link_script CMakeFiles/cmTC_223f4.dir/link.txt --verbose=1
/usr/bin/c++   -DCHECK_FUNCTION_EXISTS=remove    -rdynamic CMakeFiles/cmTC_223f4.dir/CheckFunctionExists.cxx.o  -o cmTC_223f4 
make[1]: выход из каталога «/media/sda3/root/Downloads/windman/build/CMakeFiles/CMakeTmp»


Determining if the function shmat exists passed with the following output:
Change Dir: /root/Downloads/windman/build/CMakeFiles/CMakeTmp

Run Build Command:"/usr/bin/make" "cmTC_8e108/fast"
/usr/bin/make -f CMakeFiles/cmTC_8e108.dir/build.make CMakeFiles/cmTC_8e108.dir/build
make[1]: вход в каталог «/media/sda3/root/Downloads/windman/build/CMakeFiles/CMakeTmp»
Building CXX object CMakeFiles/cmTC_8e108.dir/CheckFunctionExists.cxx.o
/usr/bin/c++    -DCHECK_FUNCTION_EXISTS=shmat   -o CMakeFiles/cmTC_8e108.dir/CheckFunctionExists.cxx.o -c /root/Downloads/windman/build/CMakeFiles/CheckFunctionExists/CheckFunctionExists.cxx
Linking CXX executable cmTC_8e108
/usr/bin/cmake -E cmake_link_script CMakeFiles/cmTC_8e108.dir/link.txt --verbose=1
/usr/bin/c++   -DCHECK_FUNCTION_EXISTS=shmat    -rdynamic CMakeFiles/cmTC_8e108.dir/CheckFunctionExists.cxx.o  -o cmTC_8e108 
make[1]: выход из каталога «/media/sda3/root/Downloads/windman/build/CMakeFiles/CMakeTmp»


Determining if the function IceConnectionNumber exists in the ICE passed with the following output:
Change Dir: /root/Downloads/windman/build/CMakeFiles/CMakeTmp

Run Build Command:"/usr/bin/make" "cmTC_f7c06/fast"
/usr/bin/make -f CMakeFiles/cmTC_f7c06.dir/build.make CMakeFiles/cmTC_f7c06.dir/build
make[1]: вход в каталог «/media/sda3/root/Downloads/windman/build/CMakeFiles/CMakeTmp»
Building CXX object CMakeFiles/cmTC_f7c06.dir/CheckFunctionExists.cxx.o
/usr/bin/c++    -DCHECK_FUNCTION_EXISTS=IceConnectionNumber   -o CMakeFiles/cmTC_f7c06.dir/CheckFunctionExists.cxx.o -c /root/Downloads/windman/build/CMakeFiles/CheckLibraryExists/CheckFunctionExists.cxx
Linking CXX executable cmTC_f7c06
/usr/bin/cmake -E cmake_link_script CMakeFiles/cmTC_f7c06.dir/link.txt --verbose=1
/usr/bin/c++   -DCHECK_FUNCTION_EXISTS=IceConnectionNumber    -rdynamic CMakeFiles/cmTC_f7c06.dir/CheckFunctionExists.cxx.o  -o cmTC_f7c06 -lICE 
make[1]: выход из каталога «/media/sda3/root/Downloads/windman/build/CMakeFiles/CMakeTmp»


